<?xml version="1.0" encoding="UTF-8"?>
<testng-results ignored="0" total="2" passed="1" failed="1" skipped="0">
  <reporter-output>
  </reporter-output>
  <suite started-at="2023-11-14T00:10:34 IST" name="Default suite" finished-at="2023-11-14T00:11:54 IST" duration-ms="80166">
    <groups>
    </groups>
    <test started-at="2023-11-14T00:10:34 IST" name="Default test" finished-at="2023-11-14T00:11:54 IST" duration-ms="80166">
      <class name="com.MGS.testCases.CermatiAssigment">
        <test-method is-config="true" signature="initializeWebDriver()[pri:0, instance:com.MGS.testCases.CermatiAssigment@66ea810]" started-at="2023-11-14T00:10:34 IST" name="initializeWebDriver" finished-at="2023-11-14T00:10:34 IST" duration-ms="55" status="PASS">
          <reporter-output>
          </reporter-output>
        </test-method> <!-- initializeWebDriver -->
        <test-method is-config="true" signature="launchApplication()[pri:0, instance:com.MGS.testCases.CermatiAssigment@66ea810]" started-at="2023-11-14T00:10:34 IST" name="launchApplication" finished-at="2023-11-14T00:10:39 IST" duration-ms="5084" status="PASS">
          <reporter-output>
          </reporter-output>
        </test-method> <!-- launchApplication -->
        <test-method signature="TC01_Access_Product_via_Applying_Multiple_Filters()[pri:1, instance:com.MGS.testCases.CermatiAssigment@66ea810]" started-at="2023-11-14T00:10:39 IST" name="TC01_Access_Product_via_Applying_Multiple_Filters" finished-at="2023-11-14T00:11:44 IST" duration-ms="65250" status="FAIL">
          <exception class="java.lang.AssertionError">
            <message>
              <![CDATA[Failed to click on element [By.xpath: //*[@class='x-flyout__button']//*[contains(.,'filters applied')]] ]]>
            </message>
            <full-stacktrace>
              <![CDATA[java.lang.AssertionError: Failed to click on element [By.xpath: //*[@class='x-flyout__button']//*[contains(.,'filters applied')]] 
at org.junit.Assert.fail(Assert.java:93)
at com.MGS.utilities.AbstractComponent.click(AbstractComponent.java:67)
at com.MGS.pageObjects.SearchAndAccessPage.getPhoneCondtionTagText(SearchAndAccessPage.java:110)
at com.MGS.testCases.CermatiAssigment.TC01_Access_Product_via_Applying_Multiple_Filters(CermatiAssigment.java:37)
at java.base/jdk.internal.reflect.NativeMethodAccessorImpl.invoke0(Native Method)
at java.base/jdk.internal.reflect.NativeMethodAccessorImpl.invoke(NativeMethodAccessorImpl.java:62)
at java.base/jdk.internal.reflect.DelegatingMethodAccessorImpl.invoke(DelegatingMethodAccessorImpl.java:43)
at java.base/java.lang.reflect.Method.invoke(Method.java:566)
at org.testng.internal.invokers.MethodInvocationHelper.invokeMethod(MethodInvocationHelper.java:139)
at org.testng.internal.invokers.TestInvoker.invokeMethod(TestInvoker.java:664)
at org.testng.internal.invokers.TestInvoker.invokeTestMethod(TestInvoker.java:227)
at org.testng.internal.invokers.MethodRunner.runInSequence(MethodRunner.java:50)
at org.testng.internal.invokers.TestInvoker$MethodInvocationAgent.invoke(TestInvoker.java:957)
at org.testng.internal.invokers.TestInvoker.invokeTestMethods(TestInvoker.java:200)
at org.testng.internal.invokers.TestMethodWorker.invokeTestMethods(TestMethodWorker.java:148)
at org.testng.internal.invokers.TestMethodWorker.run(TestMethodWorker.java:128)
at java.base/java.util.ArrayList.forEach(ArrayList.java:1541)
at org.testng.TestRunner.privateRun(TestRunner.java:848)
at org.testng.TestRunner.run(TestRunner.java:621)
at org.testng.SuiteRunner.runTest(SuiteRunner.java:443)
at org.testng.SuiteRunner.runSequentially(SuiteRunner.java:437)
at org.testng.SuiteRunner.privateRun(SuiteRunner.java:397)
at org.testng.SuiteRunner.run(SuiteRunner.java:336)
at org.testng.SuiteRunnerWorker.runSuite(SuiteRunnerWorker.java:52)
at org.testng.SuiteRunnerWorker.run(SuiteRunnerWorker.java:95)
at org.testng.TestNG.runSuitesSequentially(TestNG.java:1280)
at org.testng.TestNG.runSuitesLocally(TestNG.java:1200)
at org.testng.TestNG.runSuites(TestNG.java:1114)
at org.testng.TestNG.run(TestNG.java:1082)
at org.testng.remote.AbstractRemoteTestNG.run(AbstractRemoteTestNG.java:115)
at org.testng.remote.RemoteTestNG.initAndRun(RemoteTestNG.java:251)
at org.testng.remote.RemoteTestNG.main(RemoteTestNG.java:77)
]]>
            </full-stacktrace>
          </exception> <!-- java.lang.AssertionError -->
          <reporter-output>
          </reporter-output>
        </test-method> <!-- TC01_Access_Product_via_Applying_Multiple_Filters -->
        <test-method is-config="true" signature="tearDown()[pri:0, instance:com.MGS.testCases.CermatiAssigment@66ea810]" started-at="2023-11-14T00:11:44 IST" name="tearDown" finished-at="2023-11-14T00:11:44 IST" duration-ms="111" status="PASS">
          <reporter-output>
          </reporter-output>
        </test-method> <!-- tearDown -->
        <test-method is-config="true" signature="launchApplication()[pri:0, instance:com.MGS.testCases.CermatiAssigment@66ea810]" started-at="2023-11-14T00:11:44 IST" name="launchApplication" finished-at="2023-11-14T00:11:48 IST" duration-ms="3593" status="PASS">
          <reporter-output>
          </reporter-output>
        </test-method> <!-- launchApplication -->
        <test-method signature="TC02_Access_Product_via_Search()[pri:2, instance:com.MGS.testCases.CermatiAssigment@66ea810]" started-at="2023-11-14T00:11:48 IST" name="TC02_Access_Product_via_Search" finished-at="2023-11-14T00:11:54 IST" duration-ms="5927" status="PASS">
          <reporter-output>
          </reporter-output>
        </test-method> <!-- TC02_Access_Product_via_Search -->
        <test-method is-config="true" signature="tearDown()[pri:0, instance:com.MGS.testCases.CermatiAssigment@66ea810]" started-at="2023-11-14T00:11:54 IST" name="tearDown" finished-at="2023-11-14T00:11:54 IST" duration-ms="103" status="PASS">
          <reporter-output>
          </reporter-output>
        </test-method> <!-- tearDown -->
      </class> <!-- com.MGS.testCases.CermatiAssigment -->
    </test> <!-- Default test -->
  </suite> <!-- Default suite -->
</testng-results>
